  main.cc
  This version of the OpenCL Host API C++ bindings is deprecated, please use cl2.hpp instead.
  cl_version.h: CL_TARGET_OPENCL_VERSION is not defined. Defaulting to 220 (OpenCL 2.2)
D:\Dev\Cpp\LifeGame\LifeGame\main.cc(100,44): warning C4244: “参数”: 从“int”转换到“GLfloat”，可能丢失数据
D:\Dev\Cpp\LifeGame\LifeGame\main.cc(100,37): warning C4244: “参数”: 从“int”转换到“GLfloat”，可能丢失数据
D:\Dev\Cpp\LifeGame\LifeGame\main.cc(100,32): warning C4244: “参数”: 从“int”转换到“GLfloat”，可能丢失数据
D:\Dev\Cpp\LifeGame\LifeGame\main.cc(100,29): warning C4244: “参数”: 从“int”转换到“GLfloat”，可能丢失数据
D:\Dev\Cpp\LifeGame\LifeGame\main.cc(107,33): warning C4244: “=”: 从“double”转换到“int”，可能丢失数据
D:\Dev\Cpp\LifeGame\LifeGame\main.cc(108,33): warning C4244: “=”: 从“double”转换到“int”，可能丢失数据
D:\Dev\Cpp\LifeGame\LifeGame\main.cc(109,19): warning C4244: “=”: 从“float”转换到“int”，可能丢失数据
D:\Dev\Cpp\LifeGame\LifeGame\main.cc(110,20): warning C4244: “=”: 从“float”转换到“int”，可能丢失数据
D:\Dev\Cpp\LifeGame\LifeGame\main.cc(117,37): warning C4244: “=”: 从“double”转换到“int”，可能丢失数据
D:\Dev\Cpp\LifeGame\LifeGame\main.cc(118,37): warning C4244: “=”: 从“double”转换到“int”，可能丢失数据
D:\Dev\Cpp\LifeGame\LifeGame\main.cc(119,23): warning C4244: “=”: 从“float”转换到“int”，可能丢失数据
D:\Dev\Cpp\LifeGame\LifeGame\main.cc(120,24): warning C4244: “=”: 从“float”转换到“int”，可能丢失数据
D:\Dev\Cpp\LifeGame\LifeGame\main.cc(178,37): warning C4244: “=”: 从“double”转换到“int”，可能丢失数据
D:\Dev\Cpp\LifeGame\LifeGame\main.cc(179,37): warning C4244: “=”: 从“double”转换到“int”，可能丢失数据
D:\Dev\Cpp\LifeGame\LifeGame\main.cc(180,23): warning C4244: “=”: 从“float”转换到“int”，可能丢失数据
D:\Dev\Cpp\LifeGame\LifeGame\main.cc(181,24): warning C4244: “=”: 从“float”转换到“int”，可能丢失数据
  LifeGame.vcxproj -> D:\Dev\Cpp\LifeGame\Debug\LifeGame.exe
